<?xml version="1.0" encoding="UTF-8"?>
<!-- Generated by org.testng.reporters.JUnitReportReporter -->
<testsuite hostname="DESKTOP-FUGQNF4" failures="0" tests="1" name="apitestingg.apiitestingggg" time="2.960" errors="0" timestamp="2023-01-10T13:06:53 IST" skipped="0">
  <testcase classname="apitestingg.apiitestingggg" name="createProject" time="2.960"/>
  <system-out/>
</testsuite> <!-- apitestingg.apiitestingggg -->
